<?xml version="1.0" encoding="UTF-8"?>
<testsuite name="com.spring.boot.rest.example.controller.UserControllerIntegrationTest" time="0" tests="1" errors="0" skipped="1" failures="0">
  <properties>
    <property name="java.runtime.name" value="Java(TM) SE Runtime Environment"/>
    <property name="sun.boot.library.path" value="/usr/lib/jvm/java-8-oracle/jre/lib/amd64"/>
    <property name="java.vm.version" value="25.91-b14"/>
    <property name="java.vm.vendor" value="Oracle Corporation"/>
    <property name="java.vendor.url" value="http://java.oracle.com/"/>
    <property name="path.separator" value=":"/>
    <property name="guice.disable.misplaced.annotation.check" value="true"/>
    <property name="java.vm.name" value="Java HotSpot(TM) 64-Bit Server VM"/>
    <property name="file.encoding.pkg" value="sun.io"/>
    <property name="user.country" value="US"/>
    <property name="sun.java.launcher" value="SUN_STANDARD"/>
    <property name="sun.os.patch.level" value="unknown"/>
    <property name="java.vm.specification.name" value="Java Virtual Machine Specification"/>
    <property name="user.dir" value="/software/source/branches/spring-boot-rest-api"/>
    <property name="java.runtime.version" value="1.8.0_91-b14"/>
    <property name="java.awt.graphicsenv" value="sun.awt.X11GraphicsEnvironment"/>
    <property name="java.endorsed.dirs" value="/usr/lib/jvm/java-8-oracle/jre/lib/endorsed"/>
    <property name="os.arch" value="amd64"/>
    <property name="java.io.tmpdir" value="/tmp"/>
    <property name="line.separator" value="&#10;"/>
    <property name="java.vm.specification.vendor" value="Oracle Corporation"/>
    <property name="os.name" value="Linux"/>
    <property name="classworlds.conf" value="/usr/share/maven/bin/m2.conf"/>
    <property name="sun.jnu.encoding" value="UTF-8"/>
    <property name="java.library.path" value="/usr/java/packages/lib/amd64:/usr/lib64:/lib64:/lib:/usr/lib"/>
    <property name="java.specification.name" value="Java Platform API Specification"/>
    <property name="java.class.version" value="52.0"/>
    <property name="sun.management.compiler" value="HotSpot 64-Bit Tiered Compilers"/>
    <property name="os.version" value="3.13.0-58-generic"/>
    <property name="user.home" value="/root"/>
    <property name="user.timezone" value="America/Los_Angeles"/>
    <property name="java.awt.printerjob" value="sun.print.PSPrinterJob"/>
    <property name="file.encoding" value="UTF-8"/>
    <property name="java.specification.version" value="1.8"/>
    <property name="user.name" value="root"/>
    <property name="java.class.path" value="/usr/share/maven/boot/plexus-classworlds-2.x.jar"/>
    <property name="java.vm.specification.version" value="1.8"/>
    <property name="sun.arch.data.model" value="64"/>
    <property name="java.home" value="/usr/lib/jvm/java-8-oracle/jre"/>
    <property name="sun.java.command" value="org.codehaus.plexus.classworlds.launcher.Launcher clean install"/>
    <property name="java.specification.vendor" value="Oracle Corporation"/>
    <property name="user.language" value="en"/>
    <property name="awt.toolkit" value="sun.awt.X11.XToolkit"/>
    <property name="java.vm.info" value="mixed mode"/>
    <property name="java.version" value="1.8.0_91"/>
    <property name="java.ext.dirs" value="/usr/lib/jvm/java-8-oracle/jre/lib/ext:/usr/java/packages/lib/ext"/>
    <property name="securerandom.source" value="file:/dev/./urandom"/>
    <property name="sun.boot.class.path" value="/usr/lib/jvm/java-8-oracle/jre/lib/resources.jar:/usr/lib/jvm/java-8-oracle/jre/lib/rt.jar:/usr/lib/jvm/java-8-oracle/jre/lib/sunrsasign.jar:/usr/lib/jvm/java-8-oracle/jre/lib/jsse.jar:/usr/lib/jvm/java-8-oracle/jre/lib/jce.jar:/usr/lib/jvm/java-8-oracle/jre/lib/charsets.jar:/usr/lib/jvm/java-8-oracle/jre/lib/jfr.jar:/usr/lib/jvm/java-8-oracle/jre/classes"/>
    <property name="java.vendor" value="Oracle Corporation"/>
    <property name="maven.home" value="/usr/share/maven"/>
    <property name="file.separator" value="/"/>
    <property name="java.vendor.url.bug" value="http://bugreport.sun.com/bugreport/"/>
    <property name="sun.cpu.endian" value="little"/>
    <property name="sun.io.unicode.encoding" value="UnicodeLittle"/>
    <property name="sun.cpu.isalist" value=""/>
  </properties>
  <testcase name="testNewUser" classname="com.spring.boot.rest.example.controller.UserControllerIntegrationTest" time="0">
    <skipped/>
    <system-out><![CDATA[11:10:28.326 [main] DEBUG org.springframework.test.context.junit4.SpringJUnit4ClassRunner - SpringJUnit4ClassRunner constructor called with [class com.spring.boot.rest.example.controller.UserControllerIntegrationTest]
11:10:28.336 [main] DEBUG org.springframework.test.context.BootstrapUtils - Instantiating CacheAwareContextLoaderDelegate from class [org.springframework.test.context.cache.DefaultCacheAwareContextLoaderDelegate]
11:10:28.354 [main] DEBUG org.springframework.test.context.BootstrapUtils - Instantiating BootstrapContext using constructor [public org.springframework.test.context.support.DefaultBootstrapContext(java.lang.Class,org.springframework.test.context.CacheAwareContextLoaderDelegate)]
11:10:28.391 [main] DEBUG org.springframework.test.context.BootstrapUtils - Instantiating TestContextBootstrapper for test class [com.spring.boot.rest.example.controller.UserControllerIntegrationTest] from class [org.springframework.boot.test.WebAppIntegrationTestContextBootstrapper]
11:10:28.418 [main] DEBUG org.springframework.boot.test.WebAppIntegrationTestContextBootstrapper - Found explicit ContextLoader class [org.springframework.boot.test.SpringApplicationContextLoader] for context configuration attributes [ContextConfigurationAttributes@42e26948 declaringClass = 'com.spring.boot.rest.example.controller.UserControllerIntegrationTest', classes = '{class com.spring.boot.rest.example.DemoApplication}', locations = '{}', inheritLocations = true, initializers = '{}', inheritInitializers = true, name = [null], contextLoaderClass = 'org.springframework.boot.test.SpringApplicationContextLoader']
11:10:28.427 [main] DEBUG org.springframework.test.context.support.AbstractContextLoader - Did not detect default resource location for test class [com.spring.boot.rest.example.controller.UserControllerIntegrationTest]: class path resource [com/spring/boot/rest/example/controller/UserControllerIntegrationTest-context.xml] does not exist
11:10:28.428 [main] DEBUG org.springframework.test.context.support.AbstractContextLoader - Did not detect default resource location for test class [com.spring.boot.rest.example.controller.UserControllerIntegrationTest]: class path resource [com/spring/boot/rest/example/controller/UserControllerIntegrationTestContext.groovy] does not exist
11:10:28.429 [main] INFO org.springframework.test.context.support.AbstractContextLoader - Could not detect default resource locations for test class [com.spring.boot.rest.example.controller.UserControllerIntegrationTest]: no resource found for suffixes {-context.xml, Context.groovy}.
11:10:28.441 [main] DEBUG org.springframework.test.context.support.ActiveProfilesUtils - Could not find an 'annotation declaring class' for annotation type [org.springframework.test.context.ActiveProfiles] and class [com.spring.boot.rest.example.controller.UserControllerIntegrationTest]
11:10:28.451 [main] DEBUG org.springframework.test.util.ReflectionTestUtils - Setting field 'propertySourceProperties' of type [null] on target object [[WebMergedContextConfiguration@192b07fd testClass = UserControllerIntegrationTest, locations = '{}', classes = '{class com.spring.boot.rest.example.DemoApplication}', contextInitializerClasses = '[]', activeProfiles = '{}', propertySourceLocations = '{}', propertySourceProperties = '{}', resourceBasePath = '', contextLoader = 'org.springframework.boot.test.SpringApplicationContextLoader', parent = [null]]] or target class [class org.springframework.test.context.web.WebMergedContextConfiguration] to value [[Ljava.lang.String;@64bfbc86]
11:10:28.453 [main] DEBUG org.springframework.boot.test.WebAppIntegrationTestContextBootstrapper - @TestExecutionListeners is not present for class [com.spring.boot.rest.example.controller.UserControllerIntegrationTest]: using defaults.
11:10:28.464 [main] INFO org.springframework.boot.test.WebAppIntegrationTestContextBootstrapper - Loaded default TestExecutionListener class names from location [META-INF/spring.factories]: [org.springframework.test.context.web.ServletTestExecutionListener, org.springframework.test.context.support.DirtiesContextBeforeModesTestExecutionListener, org.springframework.test.context.support.DependencyInjectionTestExecutionListener, org.springframework.test.context.support.DirtiesContextTestExecutionListener, org.springframework.test.context.transaction.TransactionalTestExecutionListener, org.springframework.test.context.jdbc.SqlScriptsTestExecutionListener]
11:10:28.504 [main] INFO org.springframework.boot.test.WebAppIntegrationTestContextBootstrapper - Using TestExecutionListeners: [org.springframework.test.context.web.ServletTestExecutionListener@5e853265, org.springframework.test.context.support.DirtiesContextBeforeModesTestExecutionListener@67205a84, org.springframework.test.context.support.DependencyInjectionTestExecutionListener@7d0587f1, org.springframework.test.context.support.DirtiesContextTestExecutionListener@5d76b067, org.springframework.test.context.transaction.TransactionalTestExecutionListener@2a17b7b6, org.springframework.test.context.jdbc.SqlScriptsTestExecutionListener@4f063c0a]
11:10:28.509 [main] DEBUG org.springframework.test.context.junit4.SpringJUnit4ClassRunner - SpringJUnit4ClassRunner constructor called with [class com.spring.boot.rest.example.controller.EventControllerIntegrationTest]
11:10:28.510 [main] DEBUG org.springframework.test.context.BootstrapUtils - Instantiating CacheAwareContextLoaderDelegate from class [org.springframework.test.context.cache.DefaultCacheAwareContextLoaderDelegate]
11:10:28.510 [main] DEBUG org.springframework.test.context.BootstrapUtils - Instantiating BootstrapContext using constructor [public org.springframework.test.context.support.DefaultBootstrapContext(java.lang.Class,org.springframework.test.context.CacheAwareContextLoaderDelegate)]
11:10:28.512 [main] DEBUG org.springframework.test.context.BootstrapUtils - Instantiating TestContextBootstrapper for test class [com.spring.boot.rest.example.controller.EventControllerIntegrationTest] from class [org.springframework.boot.test.WebAppIntegrationTestContextBootstrapper]
11:10:28.515 [main] DEBUG org.springframework.boot.test.WebAppIntegrationTestContextBootstrapper - Found explicit ContextLoader class [org.springframework.boot.test.SpringApplicationContextLoader] for context configuration attributes [ContextConfigurationAttributes@131276c2 declaringClass = 'com.spring.boot.rest.example.controller.EventControllerIntegrationTest', classes = '{class com.spring.boot.rest.example.DemoApplication}', locations = '{}', inheritLocations = true, initializers = '{}', inheritInitializers = true, name = [null], contextLoaderClass = 'org.springframework.boot.test.SpringApplicationContextLoader']
11:10:28.518 [main] DEBUG org.springframework.test.context.support.AbstractContextLoader - Did not detect default resource location for test class [com.spring.boot.rest.example.controller.EventControllerIntegrationTest]: class path resource [com/spring/boot/rest/example/controller/EventControllerIntegrationTest-context.xml] does not exist
11:10:28.518 [main] DEBUG org.springframework.test.context.support.AbstractContextLoader - Did not detect default resource location for test class [com.spring.boot.rest.example.controller.EventControllerIntegrationTest]: class path resource [com/spring/boot/rest/example/controller/EventControllerIntegrationTestContext.groovy] does not exist
11:10:28.519 [main] INFO org.springframework.test.context.support.AbstractContextLoader - Could not detect default resource locations for test class [com.spring.boot.rest.example.controller.EventControllerIntegrationTest]: no resource found for suffixes {-context.xml, Context.groovy}.
11:10:28.519 [main] DEBUG org.springframework.test.context.support.ActiveProfilesUtils - Could not find an 'annotation declaring class' for annotation type [org.springframework.test.context.ActiveProfiles] and class [com.spring.boot.rest.example.controller.EventControllerIntegrationTest]
11:10:28.520 [main] DEBUG org.springframework.test.util.ReflectionTestUtils - Setting field 'propertySourceProperties' of type [null] on target object [[WebMergedContextConfiguration@26aa12dd testClass = EventControllerIntegrationTest, locations = '{}', classes = '{class com.spring.boot.rest.example.DemoApplication}', contextInitializerClasses = '[]', activeProfiles = '{}', propertySourceLocations = '{}', propertySourceProperties = '{}', resourceBasePath = '', contextLoader = 'org.springframework.boot.test.SpringApplicationContextLoader', parent = [null]]] or target class [class org.springframework.test.context.web.WebMergedContextConfiguration] to value [[Ljava.lang.String;@3fd7a715]
11:10:28.521 [main] DEBUG org.springframework.boot.test.WebAppIntegrationTestContextBootstrapper - @TestExecutionListeners is not present for class [com.spring.boot.rest.example.controller.EventControllerIntegrationTest]: using defaults.
11:10:28.524 [main] INFO org.springframework.boot.test.WebAppIntegrationTestContextBootstrapper - Loaded default TestExecutionListener class names from location [META-INF/spring.factories]: [org.springframework.test.context.web.ServletTestExecutionListener, org.springframework.test.context.support.DirtiesContextBeforeModesTestExecutionListener, org.springframework.test.context.support.DependencyInjectionTestExecutionListener, org.springframework.test.context.support.DirtiesContextTestExecutionListener, org.springframework.test.context.transaction.TransactionalTestExecutionListener, org.springframework.test.context.jdbc.SqlScriptsTestExecutionListener]
11:10:28.525 [main] INFO org.springframework.boot.test.WebAppIntegrationTestContextBootstrapper - Using TestExecutionListeners: [org.springframework.test.context.web.ServletTestExecutionListener@5a1c0542, org.springframework.test.context.support.DirtiesContextBeforeModesTestExecutionListener@396f6598, org.springframework.test.context.support.DependencyInjectionTestExecutionListener@394e1a0f, org.springframework.test.context.support.DirtiesContextTestExecutionListener@27a5f880, org.springframework.test.context.transaction.TransactionalTestExecutionListener@1d29cf23, org.springframework.test.context.jdbc.SqlScriptsTestExecutionListener@5f282abb]
11:10:28.529 [main] DEBUG org.springframework.test.context.junit4.SpringJUnit4ClassRunner - SpringJUnit4ClassRunner constructor called with [class com.spring.boot.rest.example.dao.EventRespositoryIntegrationTest]
11:10:28.530 [main] DEBUG org.springframework.test.context.BootstrapUtils - Instantiating CacheAwareContextLoaderDelegate from class [org.springframework.test.context.cache.DefaultCacheAwareContextLoaderDelegate]
11:10:28.530 [main] DEBUG org.springframework.test.context.BootstrapUtils - Instantiating BootstrapContext using constructor [public org.springframework.test.context.support.DefaultBootstrapContext(java.lang.Class,org.springframework.test.context.CacheAwareContextLoaderDelegate)]
11:10:28.531 [main] DEBUG org.springframework.test.context.BootstrapUtils - Instantiating TestContextBootstrapper for test class [com.spring.boot.rest.example.dao.EventRespositoryIntegrationTest] from class [org.springframework.test.context.support.DefaultTestContextBootstrapper]
11:10:28.533 [main] DEBUG org.springframework.test.context.support.DefaultTestContextBootstrapper - Found explicit ContextLoader class [org.springframework.boot.test.SpringApplicationContextLoader] for context configuration attributes [ContextConfigurationAttributes@33f88ab declaringClass = 'com.spring.boot.rest.example.dao.EventRespositoryIntegrationTest', classes = '{class com.spring.boot.rest.example.DemoApplication}', locations = '{}', inheritLocations = true, initializers = '{}', inheritInitializers = true, name = [null], contextLoaderClass = 'org.springframework.boot.test.SpringApplicationContextLoader']
11:10:28.535 [main] DEBUG org.springframework.test.context.support.AbstractContextLoader - Did not detect default resource location for test class [com.spring.boot.rest.example.dao.EventRespositoryIntegrationTest]: class path resource [com/spring/boot/rest/example/dao/EventRespositoryIntegrationTest-context.xml] does not exist
11:10:28.535 [main] DEBUG org.springframework.test.context.support.AbstractContextLoader - Did not detect default resource location for test class [com.spring.boot.rest.example.dao.EventRespositoryIntegrationTest]: class path resource [com/spring/boot/rest/example/dao/EventRespositoryIntegrationTestContext.groovy] does not exist
11:10:28.536 [main] INFO org.springframework.test.context.support.AbstractContextLoader - Could not detect default resource locations for test class [com.spring.boot.rest.example.dao.EventRespositoryIntegrationTest]: no resource found for suffixes {-context.xml, Context.groovy}.
11:10:28.537 [main] DEBUG org.springframework.test.context.support.ActiveProfilesUtils - Could not find an 'annotation declaring class' for annotation type [org.springframework.test.context.ActiveProfiles] and class [com.spring.boot.rest.example.dao.EventRespositoryIntegrationTest]
11:10:28.538 [main] DEBUG org.springframework.test.context.support.DefaultTestContextBootstrapper - @TestExecutionListeners is not present for class [com.spring.boot.rest.example.dao.EventRespositoryIntegrationTest]: using defaults.
11:10:28.554 [main] INFO org.springframework.test.context.support.DefaultTestContextBootstrapper - Loaded default TestExecutionListener class names from location [META-INF/spring.factories]: [org.springframework.test.context.web.ServletTestExecutionListener, org.springframework.test.context.support.DirtiesContextBeforeModesTestExecutionListener, org.springframework.test.context.support.DependencyInjectionTestExecutionListener, org.springframework.test.context.support.DirtiesContextTestExecutionListener, org.springframework.test.context.transaction.TransactionalTestExecutionListener, org.springframework.test.context.jdbc.SqlScriptsTestExecutionListener]
11:10:28.555 [main] INFO org.springframework.test.context.support.DefaultTestContextBootstrapper - Using TestExecutionListeners: [org.springframework.test.context.web.ServletTestExecutionListener@1877ab81, org.springframework.test.context.support.DirtiesContextBeforeModesTestExecutionListener@305fd85d, org.springframework.test.context.support.DependencyInjectionTestExecutionListener@458c1321, org.springframework.test.context.support.DirtiesContextTestExecutionListener@11438d26, org.springframework.test.context.transaction.TransactionalTestExecutionListener@34cd072c, org.springframework.test.context.jdbc.SqlScriptsTestExecutionListener@7a1ebcd8]
11:10:28.556 [main] DEBUG org.springframework.test.context.junit4.SpringJUnit4ClassRunner - SpringJUnit4ClassRunner constructor called with [class com.spring.boot.rest.example.dao.EventUserRespositoryIntegrationTest]
11:10:28.557 [main] DEBUG org.springframework.test.context.BootstrapUtils - Instantiating CacheAwareContextLoaderDelegate from class [org.springframework.test.context.cache.DefaultCacheAwareContextLoaderDelegate]
11:10:28.557 [main] DEBUG org.springframework.test.context.BootstrapUtils - Instantiating BootstrapContext using constructor [public org.springframework.test.context.support.DefaultBootstrapContext(java.lang.Class,org.springframework.test.context.CacheAwareContextLoaderDelegate)]
11:10:28.558 [main] DEBUG org.springframework.test.context.BootstrapUtils - Instantiating TestContextBootstrapper for test class [com.spring.boot.rest.example.dao.EventUserRespositoryIntegrationTest] from class [org.springframework.test.context.support.DefaultTestContextBootstrapper]
11:10:28.576 [main] DEBUG org.springframework.test.context.support.DefaultTestContextBootstrapper - Found explicit ContextLoader class [org.springframework.boot.test.SpringApplicationContextLoader] for context configuration attributes [ContextConfigurationAttributes@7a765367 declaringClass = 'com.spring.boot.rest.example.dao.EventUserRespositoryIntegrationTest', classes = '{class com.spring.boot.rest.example.DemoApplication}', locations = '{}', inheritLocations = true, initializers = '{}', inheritInitializers = true, name = [null], contextLoaderClass = 'org.springframework.boot.test.SpringApplicationContextLoader']
11:10:28.578 [main] DEBUG org.springframework.test.context.support.AbstractContextLoader - Did not detect default resource location for test class [com.spring.boot.rest.example.dao.EventUserRespositoryIntegrationTest]: class path resource [com/spring/boot/rest/example/dao/EventUserRespositoryIntegrationTest-context.xml] does not exist
11:10:28.582 [main] DEBUG org.springframework.test.context.support.AbstractContextLoader - Did not detect default resource location for test class [com.spring.boot.rest.example.dao.EventUserRespositoryIntegrationTest]: class path resource [com/spring/boot/rest/example/dao/EventUserRespositoryIntegrationTestContext.groovy] does not exist
11:10:28.583 [main] INFO org.springframework.test.context.support.AbstractContextLoader - Could not detect default resource locations for test class [com.spring.boot.rest.example.dao.EventUserRespositoryIntegrationTest]: no resource found for suffixes {-context.xml, Context.groovy}.
11:10:28.583 [main] DEBUG org.springframework.test.context.support.ActiveProfilesUtils - Could not find an 'annotation declaring class' for annotation type [org.springframework.test.context.ActiveProfiles] and class [com.spring.boot.rest.example.dao.EventUserRespositoryIntegrationTest]
11:10:28.584 [main] DEBUG org.springframework.test.context.support.DefaultTestContextBootstrapper - @TestExecutionListeners is not present for class [com.spring.boot.rest.example.dao.EventUserRespositoryIntegrationTest]: using defaults.
11:10:28.595 [main] INFO org.springframework.test.context.support.DefaultTestContextBootstrapper - Loaded default TestExecutionListener class names from location [META-INF/spring.factories]: [org.springframework.test.context.web.ServletTestExecutionListener, org.springframework.test.context.support.DirtiesContextBeforeModesTestExecutionListener, org.springframework.test.context.support.DependencyInjectionTestExecutionListener, org.springframework.test.context.support.DirtiesContextTestExecutionListener, org.springframework.test.context.transaction.TransactionalTestExecutionListener, org.springframework.test.context.jdbc.SqlScriptsTestExecutionListener]
11:10:28.596 [main] INFO org.springframework.test.context.support.DefaultTestContextBootstrapper - Using TestExecutionListeners: [org.springframework.test.context.web.ServletTestExecutionListener@3dfc5fb8, org.springframework.test.context.support.DirtiesContextBeforeModesTestExecutionListener@467aecef, org.springframework.test.context.support.DependencyInjectionTestExecutionListener@4d50efb8, org.springframework.test.context.support.DirtiesContextTestExecutionListener@7e2d773b, org.springframework.test.context.transaction.TransactionalTestExecutionListener@2173f6d9, org.springframework.test.context.jdbc.SqlScriptsTestExecutionListener@307f6b8c]
11:10:28.599 [main] DEBUG org.springframework.test.context.junit4.SpringJUnit4ClassRunner - SpringJUnit4ClassRunner constructor called with [class com.spring.boot.rest.example.dao.UserRepositoryIntegrationTest]
11:10:28.602 [main] DEBUG org.springframework.test.context.BootstrapUtils - Instantiating CacheAwareContextLoaderDelegate from class [org.springframework.test.context.cache.DefaultCacheAwareContextLoaderDelegate]
11:10:28.602 [main] DEBUG org.springframework.test.context.BootstrapUtils - Instantiating BootstrapContext using constructor [public org.springframework.test.context.support.DefaultBootstrapContext(java.lang.Class,org.springframework.test.context.CacheAwareContextLoaderDelegate)]
11:10:28.603 [main] DEBUG org.springframework.test.context.BootstrapUtils - Instantiating TestContextBootstrapper for test class [com.spring.boot.rest.example.dao.UserRepositoryIntegrationTest] from class [org.springframework.test.context.support.DefaultTestContextBootstrapper]
11:10:28.609 [main] DEBUG org.springframework.test.context.support.DefaultTestContextBootstrapper - Found explicit ContextLoader class [org.springframework.boot.test.SpringApplicationContextLoader] for context configuration attributes [ContextConfigurationAttributes@6f195bc3 declaringClass = 'com.spring.boot.rest.example.dao.UserRepositoryIntegrationTest', classes = '{class com.spring.boot.rest.example.DemoApplication}', locations = '{}', inheritLocations = true, initializers = '{}', inheritInitializers = true, name = [null], contextLoaderClass = 'org.springframework.boot.test.SpringApplicationContextLoader']
11:10:28.610 [main] DEBUG org.springframework.test.context.support.AbstractContextLoader - Did not detect default resource location for test class [com.spring.boot.rest.example.dao.UserRepositoryIntegrationTest]: class path resource [com/spring/boot/rest/example/dao/UserRepositoryIntegrationTest-context.xml] does not exist
11:10:28.610 [main] DEBUG org.springframework.test.context.support.AbstractContextLoader - Did not detect default resource location for test class [com.spring.boot.rest.example.dao.UserRepositoryIntegrationTest]: class path resource [com/spring/boot/rest/example/dao/UserRepositoryIntegrationTestContext.groovy] does not exist
11:10:28.610 [main] INFO org.springframework.test.context.support.AbstractContextLoader - Could not detect default resource locations for test class [com.spring.boot.rest.example.dao.UserRepositoryIntegrationTest]: no resource found for suffixes {-context.xml, Context.groovy}.
11:10:28.611 [main] DEBUG org.springframework.test.context.support.ActiveProfilesUtils - Could not find an 'annotation declaring class' for annotation type [org.springframework.test.context.ActiveProfiles] and class [com.spring.boot.rest.example.dao.UserRepositoryIntegrationTest]
11:10:28.611 [main] DEBUG org.springframework.test.context.support.DefaultTestContextBootstrapper - @TestExecutionListeners is not present for class [com.spring.boot.rest.example.dao.UserRepositoryIntegrationTest]: using defaults.
11:10:28.613 [main] INFO org.springframework.test.context.support.DefaultTestContextBootstrapper - Loaded default TestExecutionListener class names from location [META-INF/spring.factories]: [org.springframework.test.context.web.ServletTestExecutionListener, org.springframework.test.context.support.DirtiesContextBeforeModesTestExecutionListener, org.springframework.test.context.support.DependencyInjectionTestExecutionListener, org.springframework.test.context.support.DirtiesContextTestExecutionListener, org.springframework.test.context.transaction.TransactionalTestExecutionListener, org.springframework.test.context.jdbc.SqlScriptsTestExecutionListener]
11:10:28.614 [main] INFO org.springframework.test.context.support.DefaultTestContextBootstrapper - Using TestExecutionListeners: [org.springframework.test.context.web.ServletTestExecutionListener@1d8d30f7, org.springframework.test.context.support.DirtiesContextBeforeModesTestExecutionListener@3e57cd70, org.springframework.test.context.support.DependencyInjectionTestExecutionListener@9a7504c, org.springframework.test.context.support.DirtiesContextTestExecutionListener@2c039ac6, org.springframework.test.context.transaction.TransactionalTestExecutionListener@587d1d39, org.springframework.test.context.jdbc.SqlScriptsTestExecutionListener@58c1670b]
11:10:28.615 [main] DEBUG org.springframework.test.context.junit4.SpringJUnit4ClassRunner - SpringJUnit4ClassRunner constructor called with [class com.spring.boot.rest.example.DemoApplicationTests]
11:10:28.616 [main] DEBUG org.springframework.test.context.BootstrapUtils - Instantiating CacheAwareContextLoaderDelegate from class [org.springframework.test.context.cache.DefaultCacheAwareContextLoaderDelegate]
11:10:28.616 [main] DEBUG org.springframework.test.context.BootstrapUtils - Instantiating BootstrapContext using constructor [public org.springframework.test.context.support.DefaultBootstrapContext(java.lang.Class,org.springframework.test.context.CacheAwareContextLoaderDelegate)]
11:10:28.617 [main] DEBUG org.springframework.test.context.BootstrapUtils - Instantiating TestContextBootstrapper for test class [com.spring.boot.rest.example.DemoApplicationTests] from class [org.springframework.test.context.web.WebTestContextBootstrapper]
11:10:28.619 [main] DEBUG org.springframework.test.context.web.WebTestContextBootstrapper - Found explicit ContextLoader class [org.springframework.boot.test.SpringApplicationContextLoader] for context configuration attributes [ContextConfigurationAttributes@38bc8ab5 declaringClass = 'com.spring.boot.rest.example.DemoApplicationTests', classes = '{class com.spring.boot.rest.example.DemoApplication}', locations = '{}', inheritLocations = true, initializers = '{}', inheritInitializers = true, name = [null], contextLoaderClass = 'org.springframework.boot.test.SpringApplicationContextLoader']
11:10:28.619 [main] DEBUG org.springframework.test.context.support.AbstractContextLoader - Did not detect default resource location for test class [com.spring.boot.rest.example.DemoApplicationTests]: class path resource [com/spring/boot/rest/example/DemoApplicationTests-context.xml] does not exist
11:10:28.620 [main] DEBUG org.springframework.test.context.support.AbstractContextLoader - Did not detect default resource location for test class [com.spring.boot.rest.example.DemoApplicationTests]: class path resource [com/spring/boot/rest/example/DemoApplicationTestsContext.groovy] does not exist
11:10:28.620 [main] INFO org.springframework.test.context.support.AbstractContextLoader - Could not detect default resource locations for test class [com.spring.boot.rest.example.DemoApplicationTests]: no resource found for suffixes {-context.xml, Context.groovy}.
11:10:28.620 [main] DEBUG org.springframework.test.context.support.ActiveProfilesUtils - Could not find an 'annotation declaring class' for annotation type [org.springframework.test.context.ActiveProfiles] and class [com.spring.boot.rest.example.DemoApplicationTests]
11:10:28.622 [main] DEBUG org.springframework.test.context.web.WebTestContextBootstrapper - @TestExecutionListeners is not present for class [com.spring.boot.rest.example.DemoApplicationTests]: using defaults.
11:10:28.790 [main] INFO org.springframework.test.context.web.WebTestContextBootstrapper - Loaded default TestExecutionListener class names from location [META-INF/spring.factories]: [org.springframework.test.context.web.ServletTestExecutionListener, org.springframework.test.context.support.DirtiesContextBeforeModesTestExecutionListener, org.springframework.test.context.support.DependencyInjectionTestExecutionListener, org.springframework.test.context.support.DirtiesContextTestExecutionListener, org.springframework.test.context.transaction.TransactionalTestExecutionListener, org.springframework.test.context.jdbc.SqlScriptsTestExecutionListener]
11:10:28.798 [main] INFO org.springframework.test.context.web.WebTestContextBootstrapper - Using TestExecutionListeners: [org.springframework.test.context.web.ServletTestExecutionListener@59906517, org.springframework.test.context.support.DirtiesContextBeforeModesTestExecutionListener@5bfbf16f, org.springframework.test.context.support.DependencyInjectionTestExecutionListener@25af5db5, org.springframework.test.context.support.DirtiesContextTestExecutionListener@12cdcf4, org.springframework.test.context.transaction.TransactionalTestExecutionListener@5bcea91b, org.springframework.test.context.jdbc.SqlScriptsTestExecutionListener@5f3a4b84]
11:10:28.799 [main] DEBUG org.springframework.test.context.junit4.SpringJUnit4ClassRunner - SpringJUnit4ClassRunner constructor called with [class com.spring.boot.rest.example.service.UserServiceIntegrationTest]
11:10:28.800 [main] DEBUG org.springframework.test.context.BootstrapUtils - Instantiating CacheAwareContextLoaderDelegate from class [org.springframework.test.context.cache.DefaultCacheAwareContextLoaderDelegate]
11:10:28.800 [main] DEBUG org.springframework.test.context.BootstrapUtils - Instantiating BootstrapContext using constructor [public org.springframework.test.context.support.DefaultBootstrapContext(java.lang.Class,org.springframework.test.context.CacheAwareContextLoaderDelegate)]
11:10:28.800 [main] DEBUG org.springframework.test.context.BootstrapUtils - Instantiating TestContextBootstrapper for test class [com.spring.boot.rest.example.service.UserServiceIntegrationTest] from class [org.springframework.test.context.support.DefaultTestContextBootstrapper]
11:10:28.802 [main] DEBUG org.springframework.test.context.support.DefaultTestContextBootstrapper - Found explicit ContextLoader class [org.springframework.boot.test.SpringApplicationContextLoader] for context configuration attributes [ContextConfigurationAttributes@670b40af declaringClass = 'com.spring.boot.rest.example.service.UserServiceIntegrationTest', classes = '{class com.spring.boot.rest.example.DemoApplication}', locations = '{}', inheritLocations = true, initializers = '{}', inheritInitializers = true, name = [null], contextLoaderClass = 'org.springframework.boot.test.SpringApplicationContextLoader']
11:10:28.803 [main] DEBUG org.springframework.test.context.support.AbstractContextLoader - Did not detect default resource location for test class [com.spring.boot.rest.example.service.UserServiceIntegrationTest]: class path resource [com/spring/boot/rest/example/service/UserServiceIntegrationTest-context.xml] does not exist
11:10:28.803 [main] DEBUG org.springframework.test.context.support.AbstractContextLoader - Did not detect default resource location for test class [com.spring.boot.rest.example.service.UserServiceIntegrationTest]: class path resource [com/spring/boot/rest/example/service/UserServiceIntegrationTestContext.groovy] does not exist
11:10:28.804 [main] INFO org.springframework.test.context.support.AbstractContextLoader - Could not detect default resource locations for test class [com.spring.boot.rest.example.service.UserServiceIntegrationTest]: no resource found for suffixes {-context.xml, Context.groovy}.
11:10:28.804 [main] DEBUG org.springframework.test.context.support.ActiveProfilesUtils - Could not find an 'annotation declaring class' for annotation type [org.springframework.test.context.ActiveProfiles] and class [com.spring.boot.rest.example.service.UserServiceIntegrationTest]
11:10:28.804 [main] DEBUG org.springframework.test.context.support.DefaultTestContextBootstrapper - @TestExecutionListeners is not present for class [com.spring.boot.rest.example.service.UserServiceIntegrationTest]: using defaults.
11:10:28.807 [main] INFO org.springframework.test.context.support.DefaultTestContextBootstrapper - Loaded default TestExecutionListener class names from location [META-INF/spring.factories]: [org.springframework.test.context.web.ServletTestExecutionListener, org.springframework.test.context.support.DirtiesContextBeforeModesTestExecutionListener, org.springframework.test.context.support.DependencyInjectionTestExecutionListener, org.springframework.test.context.support.DirtiesContextTestExecutionListener, org.springframework.test.context.transaction.TransactionalTestExecutionListener, org.springframework.test.context.jdbc.SqlScriptsTestExecutionListener]
11:10:28.807 [main] INFO org.springframework.test.context.support.DefaultTestContextBootstrapper - Using TestExecutionListeners: [org.springframework.test.context.web.ServletTestExecutionListener@77f99a05, org.springframework.test.context.support.DirtiesContextBeforeModesTestExecutionListener@63440df3, org.springframework.test.context.support.DependencyInjectionTestExecutionListener@3aeaafa6, org.springframework.test.context.support.DirtiesContextTestExecutionListener@76a3e297, org.springframework.test.context.transaction.TransactionalTestExecutionListener@4d3167f4, org.springframework.test.context.jdbc.SqlScriptsTestExecutionListener@ed9d034]
11:10:28.823 [main] DEBUG org.springframework.test.context.junit4.SpringJUnit4ClassRunner - SpringJUnit4ClassRunner constructor called with [class com.spring.boot.rest.example.service.EventUserServiceIntegrationTest]
11:10:28.824 [main] DEBUG org.springframework.test.context.BootstrapUtils - Instantiating CacheAwareContextLoaderDelegate from class [org.springframework.test.context.cache.DefaultCacheAwareContextLoaderDelegate]
11:10:28.824 [main] DEBUG org.springframework.test.context.BootstrapUtils - Instantiating BootstrapContext using constructor [public org.springframework.test.context.support.DefaultBootstrapContext(java.lang.Class,org.springframework.test.context.CacheAwareContextLoaderDelegate)]
11:10:28.827 [main] DEBUG org.springframework.test.context.BootstrapUtils - Instantiating TestContextBootstrapper for test class [com.spring.boot.rest.example.service.EventUserServiceIntegrationTest] from class [org.springframework.test.context.support.DefaultTestContextBootstrapper]
11:10:28.854 [main] DEBUG org.springframework.test.context.support.DefaultTestContextBootstrapper - Found explicit ContextLoader class [org.springframework.boot.test.SpringApplicationContextLoader] for context configuration attributes [ContextConfigurationAttributes@4a87761d declaringClass = 'com.spring.boot.rest.example.service.EventUserServiceIntegrationTest', classes = '{class com.spring.boot.rest.example.DemoApplication}', locations = '{}', inheritLocations = true, initializers = '{}', inheritInitializers = true, name = [null], contextLoaderClass = 'org.springframework.boot.test.SpringApplicationContextLoader']
11:10:28.857 [main] DEBUG org.springframework.test.context.support.AbstractContextLoader - Did not detect default resource location for test class [com.spring.boot.rest.example.service.EventUserServiceIntegrationTest]: class path resource [com/spring/boot/rest/example/service/EventUserServiceIntegrationTest-context.xml] does not exist
11:10:28.858 [main] DEBUG org.springframework.test.context.support.AbstractContextLoader - Did not detect default resource location for test class [com.spring.boot.rest.example.service.EventUserServiceIntegrationTest]: class path resource [com/spring/boot/rest/example/service/EventUserServiceIntegrationTestContext.groovy] does not exist
11:10:28.862 [main] INFO org.springframework.test.context.support.AbstractContextLoader - Could not detect default resource locations for test class [com.spring.boot.rest.example.service.EventUserServiceIntegrationTest]: no resource found for suffixes {-context.xml, Context.groovy}.
11:10:28.864 [main] DEBUG org.springframework.test.context.support.ActiveProfilesUtils - Could not find an 'annotation declaring class' for annotation type [org.springframework.test.context.ActiveProfiles] and class [com.spring.boot.rest.example.service.EventUserServiceIntegrationTest]
11:10:28.868 [main] DEBUG org.springframework.test.context.support.DefaultTestContextBootstrapper - @TestExecutionListeners is not present for class [com.spring.boot.rest.example.service.EventUserServiceIntegrationTest]: using defaults.
11:10:28.870 [main] INFO org.springframework.test.context.support.DefaultTestContextBootstrapper - Loaded default TestExecutionListener class names from location [META-INF/spring.factories]: [org.springframework.test.context.web.ServletTestExecutionListener, org.springframework.test.context.support.DirtiesContextBeforeModesTestExecutionListener, org.springframework.test.context.support.DependencyInjectionTestExecutionListener, org.springframework.test.context.support.DirtiesContextTestExecutionListener, org.springframework.test.context.transaction.TransactionalTestExecutionListener, org.springframework.test.context.jdbc.SqlScriptsTestExecutionListener]
11:10:28.871 [main] INFO org.springframework.test.context.support.DefaultTestContextBootstrapper - Using TestExecutionListeners: [org.springframework.test.context.web.ServletTestExecutionListener@64f6106c, org.springframework.test.context.support.DirtiesContextBeforeModesTestExecutionListener@553a3d88, org.springframework.test.context.support.DependencyInjectionTestExecutionListener@7a30d1e6, org.springframework.test.context.support.DirtiesContextTestExecutionListener@5891e32e, org.springframework.test.context.transaction.TransactionalTestExecutionListener@cb0ed20, org.springframework.test.context.jdbc.SqlScriptsTestExecutionListener@8e24743]
11:10:28.872 [main] DEBUG org.springframework.test.context.junit4.SpringJUnit4ClassRunner - SpringJUnit4ClassRunner constructor called with [class com.spring.boot.rest.example.service.EventServiceIntegrationTest]
11:10:28.872 [main] DEBUG org.springframework.test.context.BootstrapUtils - Instantiating CacheAwareContextLoaderDelegate from class [org.springframework.test.context.cache.DefaultCacheAwareContextLoaderDelegate]
11:10:28.872 [main] DEBUG org.springframework.test.context.BootstrapUtils - Instantiating BootstrapContext using constructor [public org.springframework.test.context.support.DefaultBootstrapContext(java.lang.Class,org.springframework.test.context.CacheAwareContextLoaderDelegate)]
11:10:28.873 [main] DEBUG org.springframework.test.context.BootstrapUtils - Instantiating TestContextBootstrapper for test class [com.spring.boot.rest.example.service.EventServiceIntegrationTest] from class [org.springframework.test.context.support.DefaultTestContextBootstrapper]
11:10:28.885 [main] DEBUG org.springframework.test.context.support.DefaultTestContextBootstrapper - Found explicit ContextLoader class [org.springframework.boot.test.SpringApplicationContextLoader] for context configuration attributes [ContextConfigurationAttributes@23fe1d71 declaringClass = 'com.spring.boot.rest.example.service.EventServiceIntegrationTest', classes = '{class com.spring.boot.rest.example.DemoApplication}', locations = '{}', inheritLocations = true, initializers = '{}', inheritInitializers = true, name = [null], contextLoaderClass = 'org.springframework.boot.test.SpringApplicationContextLoader']
11:10:28.887 [main] DEBUG org.springframework.test.context.support.AbstractContextLoader - Did not detect default resource location for test class [com.spring.boot.rest.example.service.EventServiceIntegrationTest]: class path resource [com/spring/boot/rest/example/service/EventServiceIntegrationTest-context.xml] does not exist
11:10:28.887 [main] DEBUG org.springframework.test.context.support.AbstractContextLoader - Did not detect default resource location for test class [com.spring.boot.rest.example.service.EventServiceIntegrationTest]: class path resource [com/spring/boot/rest/example/service/EventServiceIntegrationTestContext.groovy] does not exist
11:10:28.887 [main] INFO org.springframework.test.context.support.AbstractContextLoader - Could not detect default resource locations for test class [com.spring.boot.rest.example.service.EventServiceIntegrationTest]: no resource found for suffixes {-context.xml, Context.groovy}.
11:10:28.888 [main] DEBUG org.springframework.test.context.support.ActiveProfilesUtils - Could not find an 'annotation declaring class' for annotation type [org.springframework.test.context.ActiveProfiles] and class [com.spring.boot.rest.example.service.EventServiceIntegrationTest]
11:10:28.889 [main] DEBUG org.springframework.test.context.support.DefaultTestContextBootstrapper - @TestExecutionListeners is not present for class [com.spring.boot.rest.example.service.EventServiceIntegrationTest]: using defaults.
11:10:28.894 [main] INFO org.springframework.test.context.support.DefaultTestContextBootstrapper - Loaded default TestExecutionListener class names from location [META-INF/spring.factories]: [org.springframework.test.context.web.ServletTestExecutionListener, org.springframework.test.context.support.DirtiesContextBeforeModesTestExecutionListener, org.springframework.test.context.support.DependencyInjectionTestExecutionListener, org.springframework.test.context.support.DirtiesContextTestExecutionListener, org.springframework.test.context.transaction.TransactionalTestExecutionListener, org.springframework.test.context.jdbc.SqlScriptsTestExecutionListener]
11:10:28.895 [main] INFO org.springframework.test.context.support.DefaultTestContextBootstrapper - Using TestExecutionListeners: [org.springframework.test.context.web.ServletTestExecutionListener@17d0685f, org.springframework.test.context.support.DirtiesContextBeforeModesTestExecutionListener@3891771e, org.springframework.test.context.support.DependencyInjectionTestExecutionListener@78ac1102, org.springframework.test.context.support.DirtiesContextTestExecutionListener@2de8284b, org.springframework.test.context.transaction.TransactionalTestExecutionListener@396e2f39, org.springframework.test.context.jdbc.SqlScriptsTestExecutionListener@a74868d]
11:10:28.909 [main] DEBUG org.springframework.test.annotation.ProfileValueUtils - Retrieved @ProfileValueSourceConfiguration [null] for test class [com.spring.boot.rest.example.controller.UserControllerIntegrationTest]
11:10:28.910 [main] DEBUG org.springframework.test.annotation.ProfileValueUtils - Retrieved ProfileValueSource type [class org.springframework.test.annotation.SystemProfileValueSource] for class [com.spring.boot.rest.example.controller.UserControllerIntegrationTest]
11:10:28.912 [main] DEBUG org.springframework.test.annotation.ProfileValueUtils - Retrieved @ProfileValueSourceConfiguration [null] for test class [com.spring.boot.rest.example.controller.EventControllerIntegrationTest]
11:10:28.912 [main] DEBUG org.springframework.test.annotation.ProfileValueUtils - Retrieved ProfileValueSource type [class org.springframework.test.annotation.SystemProfileValueSource] for class [com.spring.boot.rest.example.controller.EventControllerIntegrationTest]
11:10:28.913 [main] DEBUG org.springframework.test.annotation.ProfileValueUtils - Retrieved @ProfileValueSourceConfiguration [null] for test class [com.spring.boot.rest.example.dao.EventRespositoryIntegrationTest]
11:10:28.913 [main] DEBUG org.springframework.test.annotation.ProfileValueUtils - Retrieved ProfileValueSource type [class org.springframework.test.annotation.SystemProfileValueSource] for class [com.spring.boot.rest.example.dao.EventRespositoryIntegrationTest]
11:10:28.921 [main] DEBUG org.springframework.test.annotation.ProfileValueUtils - Retrieved @ProfileValueSourceConfiguration [null] for test class [com.spring.boot.rest.example.dao.EventUserRespositoryIntegrationTest]
11:10:28.921 [main] DEBUG org.springframework.test.annotation.ProfileValueUtils - Retrieved ProfileValueSource type [class org.springframework.test.annotation.SystemProfileValueSource] for class [com.spring.boot.rest.example.dao.EventUserRespositoryIntegrationTest]
11:10:28.922 [main] DEBUG org.springframework.test.annotation.ProfileValueUtils - Retrieved @ProfileValueSourceConfiguration [null] for test class [com.spring.boot.rest.example.dao.UserRepositoryIntegrationTest]
11:10:28.923 [main] DEBUG org.springframework.test.annotation.ProfileValueUtils - Retrieved ProfileValueSource type [class org.springframework.test.annotation.SystemProfileValueSource] for class [com.spring.boot.rest.example.dao.UserRepositoryIntegrationTest]
11:10:28.926 [main] DEBUG org.springframework.test.annotation.ProfileValueUtils - Retrieved @ProfileValueSourceConfiguration [null] for test class [com.spring.boot.rest.example.DemoApplicationTests]
11:10:28.926 [main] DEBUG org.springframework.test.annotation.ProfileValueUtils - Retrieved ProfileValueSource type [class org.springframework.test.annotation.SystemProfileValueSource] for class [com.spring.boot.rest.example.DemoApplicationTests]
11:10:28.927 [main] DEBUG org.springframework.test.annotation.ProfileValueUtils - Retrieved @ProfileValueSourceConfiguration [null] for test class [com.spring.boot.rest.example.service.UserServiceIntegrationTest]
11:10:28.928 [main] DEBUG org.springframework.test.annotation.ProfileValueUtils - Retrieved ProfileValueSource type [class org.springframework.test.annotation.SystemProfileValueSource] for class [com.spring.boot.rest.example.service.UserServiceIntegrationTest]
11:10:28.929 [main] DEBUG org.springframework.test.annotation.ProfileValueUtils - Retrieved @ProfileValueSourceConfiguration [null] for test class [com.spring.boot.rest.example.service.EventUserServiceIntegrationTest]
11:10:28.929 [main] DEBUG org.springframework.test.annotation.ProfileValueUtils - Retrieved ProfileValueSource type [class org.springframework.test.annotation.SystemProfileValueSource] for class [com.spring.boot.rest.example.service.EventUserServiceIntegrationTest]
11:10:28.932 [main] DEBUG org.springframework.test.annotation.ProfileValueUtils - Retrieved @ProfileValueSourceConfiguration [null] for test class [com.spring.boot.rest.example.service.EventServiceIntegrationTest]
11:10:28.942 [main] DEBUG org.springframework.test.annotation.ProfileValueUtils - Retrieved ProfileValueSource type [class org.springframework.test.annotation.SystemProfileValueSource] for class [com.spring.boot.rest.example.service.EventServiceIntegrationTest]
11:10:28.947 [main] DEBUG org.springframework.test.context.junit4.SpringJUnit4ClassRunner - SpringJUnit4ClassRunner constructor called with [class com.spring.boot.rest.example.controller.UserControllerIntegrationTest]
11:10:28.948 [main] DEBUG org.springframework.test.context.BootstrapUtils - Instantiating CacheAwareContextLoaderDelegate from class [org.springframework.test.context.cache.DefaultCacheAwareContextLoaderDelegate]
11:10:28.948 [main] DEBUG org.springframework.test.context.BootstrapUtils - Instantiating BootstrapContext using constructor [public org.springframework.test.context.support.DefaultBootstrapContext(java.lang.Class,org.springframework.test.context.CacheAwareContextLoaderDelegate)]
11:10:28.948 [main] DEBUG org.springframework.test.context.BootstrapUtils - Instantiating TestContextBootstrapper for test class [com.spring.boot.rest.example.controller.UserControllerIntegrationTest] from class [org.springframework.boot.test.WebAppIntegrationTestContextBootstrapper]
11:10:28.955 [main] DEBUG org.springframework.boot.test.WebAppIntegrationTestContextBootstrapper - Found explicit ContextLoader class [org.springframework.boot.test.SpringApplicationContextLoader] for context configuration attributes [ContextConfigurationAttributes@43a0cee9 declaringClass = 'com.spring.boot.rest.example.controller.UserControllerIntegrationTest', classes = '{class com.spring.boot.rest.example.DemoApplication}', locations = '{}', inheritLocations = true, initializers = '{}', inheritInitializers = true, name = [null], contextLoaderClass = 'org.springframework.boot.test.SpringApplicationContextLoader']
11:10:28.955 [main] DEBUG org.springframework.test.context.support.AbstractContextLoader - Did not detect default resource location for test class [com.spring.boot.rest.example.controller.UserControllerIntegrationTest]: class path resource [com/spring/boot/rest/example/controller/UserControllerIntegrationTest-context.xml] does not exist
11:10:28.956 [main] DEBUG org.springframework.test.context.support.AbstractContextLoader - Did not detect default resource location for test class [com.spring.boot.rest.example.controller.UserControllerIntegrationTest]: class path resource [com/spring/boot/rest/example/controller/UserControllerIntegrationTestContext.groovy] does not exist
11:10:28.956 [main] INFO org.springframework.test.context.support.AbstractContextLoader - Could not detect default resource locations for test class [com.spring.boot.rest.example.controller.UserControllerIntegrationTest]: no resource found for suffixes {-context.xml, Context.groovy}.
11:10:28.956 [main] DEBUG org.springframework.test.context.support.ActiveProfilesUtils - Could not find an 'annotation declaring class' for annotation type [org.springframework.test.context.ActiveProfiles] and class [com.spring.boot.rest.example.controller.UserControllerIntegrationTest]
11:10:28.956 [main] DEBUG org.springframework.test.util.ReflectionTestUtils - Setting field 'propertySourceProperties' of type [null] on target object [[WebMergedContextConfiguration@eb21112 testClass = UserControllerIntegrationTest, locations = '{}', classes = '{class com.spring.boot.rest.example.DemoApplication}', contextInitializerClasses = '[]', activeProfiles = '{}', propertySourceLocations = '{}', propertySourceProperties = '{}', resourceBasePath = '', contextLoader = 'org.springframework.boot.test.SpringApplicationContextLoader', parent = [null]]] or target class [class org.springframework.test.context.web.WebMergedContextConfiguration] to value [[Ljava.lang.String;@2eda0940]
11:10:28.957 [main] DEBUG org.springframework.boot.test.WebAppIntegrationTestContextBootstrapper - @TestExecutionListeners is not present for class [com.spring.boot.rest.example.controller.UserControllerIntegrationTest]: using defaults.
11:10:28.959 [main] INFO org.springframework.boot.test.WebAppIntegrationTestContextBootstrapper - Loaded default TestExecutionListener class names from location [META-INF/spring.factories]: [org.springframework.test.context.web.ServletTestExecutionListener, org.springframework.test.context.support.DirtiesContextBeforeModesTestExecutionListener, org.springframework.test.context.support.DependencyInjectionTestExecutionListener, org.springframework.test.context.support.DirtiesContextTestExecutionListener, org.springframework.test.context.transaction.TransactionalTestExecutionListener, org.springframework.test.context.jdbc.SqlScriptsTestExecutionListener]
11:10:28.960 [main] INFO org.springframework.boot.test.WebAppIntegrationTestContextBootstrapper - Using TestExecutionListeners: [org.springframework.test.context.web.ServletTestExecutionListener@545997b1, org.springframework.test.context.support.DirtiesContextBeforeModesTestExecutionListener@4cf4d528, org.springframework.test.context.support.DependencyInjectionTestExecutionListener@77846d2c, org.springframework.test.context.support.DirtiesContextTestExecutionListener@548ad73b, org.springframework.test.context.transaction.TransactionalTestExecutionListener@4c762604, org.springframework.test.context.jdbc.SqlScriptsTestExecutionListener@2641e737]
11:10:28.960 [main] DEBUG org.springframework.test.annotation.ProfileValueUtils - Retrieved @ProfileValueSourceConfiguration [null] for test class [com.spring.boot.rest.example.controller.UserControllerIntegrationTest]
11:10:28.961 [main] DEBUG org.springframework.test.annotation.ProfileValueUtils - Retrieved ProfileValueSource type [class org.springframework.test.annotation.SystemProfileValueSource] for class [com.spring.boot.rest.example.controller.UserControllerIntegrationTest]
11:10:28.962 [main] DEBUG org.springframework.test.annotation.ProfileValueUtils - Retrieved @ProfileValueSourceConfiguration [null] for test class [com.spring.boot.rest.example.controller.UserControllerIntegrationTest]
11:10:28.962 [main] DEBUG org.springframework.test.annotation.ProfileValueUtils - Retrieved ProfileValueSource type [class org.springframework.test.annotation.SystemProfileValueSource] for class [com.spring.boot.rest.example.controller.UserControllerIntegrationTest]
]]></system-out>
  </testcase>
</testsuite>